<?xml version="1.0" encoding="UTF-8"?>
<!-- Generated by org.testng.reporters.JUnitReportReporter -->
<testsuite hostname="Faizan-PC" failures="0" tests="4" name="ResrAssured.API.Day1" time="2.935" errors="0" timestamp="2025-05-04T17:08:58 IST" skipped="0">
  <testcase classname="ResrAssured.API.Day1" name="getUsers" time="1.415"/>
  <system-out/>
  <testcase classname="ResrAssured.API.Day1" name="createUser" time="0.719"/>
  <system-out/>
  <testcase classname="ResrAssured.API.Day1" name="updateUser" time="0.447"/>
  <system-out/>
  <testcase classname="ResrAssured.API.Day1" name="deleteUser" time="0.354"/>
  <system-out/>
</testsuite> <!-- ResrAssured.API.Day1 -->
