<?xml version="1.0" encoding="UTF-8"?>
<!-- Generated by org.testng.reporters.JUnitReportReporter -->
<testsuite hostname="Faizan-PC" failures="0" tests="2" name="ResrAssured.API.Day2" time="1.251" errors="0" timestamp="2025-05-04T21:28:40 IST" skipped="0">
  <testcase classname="ResrAssured.API.Day2" name="testPostUsingExternalJsonFile" time="1.230"/>
  <system-out/>
  <testcase classname="ResrAssured.API.Day2" name="testDelete" time="0.021"/>
  <system-out/>
</testsuite> <!-- ResrAssured.API.Day2 -->
